<?xml version="1.0" encoding="UTF-8"?>
<!-- Generated by org.testng.reporters.JUnitXMLReporter -->
<testsuite hostname="LAPTOP-RJ6NAOK1" ignored="0" name="Test" tests="9" failures="0" timestamp="06 Apr 2019 06:34:01 GMT" time="43.196" errors="0">
  <testcase name="tc101" time="25.839" classname="tests.Module1"/>
  <testcase name="tc102" time="0.0" classname="tests.Module1"/>
  <testcase name="tc103" time="0.0" classname="tests.Module1"/>
  <testcase name="tc104" time="0.0" classname="tests.Module1"/>
  <testcase name="tc201" time="17.289" classname="tests.Module2"/>
  <testcase name="tc202" time="0.001" classname="tests.Module2"/>
  <testcase name="tc301" time="0.003" classname="tests.Module3"/>
  <testcase name="tc302" time="0.001" classname="tests.Module3"/>
  <testcase name="tc303" time="0.001" classname="tests.Module3"/>
</testsuite> <!-- Test -->
